<?xml version="1.0" encoding="UTF-8"?>
<testng-results skipped="0" failed="0" total="1" passed="1">
  <reporter-output>
  </reporter-output>
  <suite name="Default suite" duration-ms="289" started-at="2017-09-24T14:26:51Z" finished-at="2017-09-24T14:26:51Z">
    <groups>
    </groups>
    <test name="Default test" duration-ms="289" started-at="2017-09-24T14:26:51Z" finished-at="2017-09-24T14:26:51Z">
      <class name="com.baronePgae.Bar">
        <test-method status="PASS" signature="f()[pri:0, instance:com.baronePgae.Bar@643b1d11]" name="f" duration-ms="165" started-at="2017-09-24T19:56:51Z" finished-at="2017-09-24T19:56:51Z">
          <reporter-output>
          </reporter-output>
        </test-method> <!-- f -->
      </class> <!-- com.baronePgae.Bar -->
    </test> <!-- Default test -->
  </suite> <!-- Default suite -->
</testng-results>
